10:26:01.668 [info ]0101项目数据表导入情况(0.109秒)
10:34:12.899 [info ]0101项目数据表导入情况(0.031秒)
10:34:17.214 [info ]0102已导入表字段数据完整性情况-选择已导入表名（为空则所有已导入数据表)TB_ACC(0.14秒)
10:34:25.509 [info ]0102已导入表字段数据完整性情况-选择已导入表名（为空则所有已导入数据表)TB_ACC(0.125秒)
10:34:32.762 [info ]0201总体单位账户和交易数据情况(1.156秒)
10:35:34.432 [info ]4001人行单位账户_多条件查询★-银行机构代码开户行名称开户开始日期12开户截止日期销户开始日期销户截止日期账户类型（多个类型以“|”或“,”分隔）基本账户状态（多个状态以“|”或“,”分隔）正常返回行数1000(2.203秒)
10:35:50.307 [info ]4001人行单位账户_多条件查询★-银行机构代码开户行名称开户开始日期12开户截止日期销户开始日期销户截止日期账户类型（多个类型以“|”或“,”分隔）基本账户状态（多个状态以“|”或“,”分隔）正常返回行数1000(1.812秒)
10:38:07.184 [info ]0102已导入表字段数据完整性情况-选择已导入表名（为空则所有已导入数据表)TB_ACC(0.063秒)
10:38:27.137 [info ]0102已导入表字段数据完整性情况-选择已导入表名（为空则所有已导入数据表)tb_BkAccUnit(0.063秒)
10:46:28.699 [info ]新建项目：03/测试项目3/ZH_20220630104627
10:46:34.226 [info ]0101项目数据表导入情况(0.047秒)
10:46:37.182 [info ]0102已导入表字段数据完整性情况-选择已导入表名（为空则所有已导入数据表)TB_ACC(0.078秒)
10:48:09.652 [info ]0101项目数据表导入情况(0.031秒)
10:48:13.541 [info ]0102已导入表字段数据完整性情况-选择已导入表名（为空则所有已导入数据表)TB_ACC(0.062秒)
10:57:13.179 [info ]0102已导入表字段数据完整性情况-选择已导入表名（为空则所有已导入数据表)tb_PbcUnit(0.062秒)
10:57:25.417 [info ]0102已导入表字段数据完整性情况-选择已导入表名（为空则所有已导入数据表)tb_PbcUnit(0.468秒)
10:57:45.567 [info ]0102已导入表字段数据完整性情况-选择已导入表名（为空则所有已导入数据表)tb_PbcUnit(0.235秒)
11:05:05.451 [info ]0102已导入表字段数据完整性情况-选择已导入表名（为空则所有已导入数据表)tb_PbcAccChkYear(0.047秒)
11:13:26.590 [info ]0102已导入表字段数据完整性情况-选择已导入表名（为空则所有已导入数据表)tb_PbcUnit(0.297秒)
11:23:27.779 [info ]0102已导入表字段数据完整性情况-选择已导入表名（为空则所有已导入数据表)tb_PbcUnit(0.234秒)
11:24:12.902 [info ]6102商行单位账户_账号-账号123返回行数100(0.25秒)
11:26:19.259 [info ]0102已导入表字段数据完整性情况-选择已导入表名（为空则所有已导入数据表)tb_PbcPers(0.922秒)
12:08:34.637 [info ]0102已导入表字段数据完整性情况-选择已导入表名（为空则所有已导入数据表)(8.563秒)
