09:59:25.314 [info ]0011项目数据表导入情况√(0.25秒)
10:01:09.275 [info ]0033同证件号不同客户名-单位或个人客户（0单位；1个人；空或其他全部）0是否去除不合规证件号码（1去除；0或其他不去除）1返回行数100(58.063秒)
10:05:35.900 [info ]0031个人客户未提供账户信息-返回行数100(1.125秒)
10:05:41.737 [info ]0032个人账户未提供客户信息-返回行数100(2.875秒)
10:14:07.754 [info ]0022单位账户未提供客户信息-返回行数100(0.625秒)
10:15:33.506 [info ]0021单位客户未提供账户信息-返回行数100(0.281秒)
10:15:44.339 [info ]0022单位账户未提供客户信息-返回行数100(0.531秒)
11:07:23.503 [info ]0034同证件号不同客户号-单位或个人客户（0单位；1个人；空或其他全部）0是否去除不合规证件号码（1去除；0或其他不去除）1返回行数100(58.859秒)
11:09:13.989 [info ]0035同客户号不同证件号-单位或个人客户（0单位；1个人；空或其他全部）0是否去除不合规证件号码（1去除；0或其他不去除）1返回行数100(58.109秒)
11:16:24.793 [info ]0033同证件号不同客户名-单位或个人客户（0单位；1个人；空或其他全部）0是否去除不合规证件号码（1去除；0或其他不去除）0返回行数100(7.187秒)
11:18:16.002 [info ]0034同证件号不同客户号-单位或个人客户（0单位；1个人；空或其他全部）是否去除不合规证件号码（1去除；0或其他不去除）0返回行数10000000(51.829秒)
11:30:19.052 [info ]0036同客户号不同客户名-单位或个人客户（0单位；1个人；空或其他全部）0是否去除不合规证件号码（1去除；0或其他不去除）1返回行数10000(57秒)
11:34:08.416 [info ]0036同客户号不同客户名-单位或个人客户（0单位；1个人；空或其他全部）1是否去除不合规证件号码（1去除；0或其他不去除）1返回行数10000(54.171秒)
11:36:48.320 [info ]0023个人客户未提供账户信息-返回行数100(0.125秒)
11:37:05.275 [info ]0031同证件号不同客户名-单位或个人客户（0单位；1个人；空或其他全部）0是否去除不合规证件号码（1去除；0或其他不去除）0返回行数100(6.969秒)
11:39:21.355 [info ]0031同证件号不同客户名-单位或个人客户（0单位；1个人；空或其他全部）0是否去除不合规证件号码（1去除；0或其他不去除）0返回行数100000(13.266秒)
11:39:57.993 [info ]0032同客户号不同客户名-单位或个人客户（0单位；1个人；空或其他全部）1是否去除不合规证件号码（1去除；0或其他不去除）0返回行数100000(7.954秒)
11:40:17.113 [info ]0031同证件号不同客户名-单位或个人客户（0单位；1个人；空或其他全部）0是否去除不合规证件号码（1去除；0或其他不去除）0返回行数100000(5.484秒)
11:44:50.677 [info ]修改项目：202201/合肥徽商银行/ZH_20220620101311
14:50:59.555 [info ]0021单位客户未提供账户信息-返回行数100(0.547秒)
15:19:09.362 [info ]0021单位客户未提供账户信息-返回行数100(0.719秒)
15:19:11.580 [info ]0011项目数据表导入情况√(0.078秒)
15:20:43.894 [info ]0012字段数据完整性情况√-选择已导入表名（清空则查验所有已导入数据表，时间较长)tb_acc_txn(87.469秒)
15:23:38.933 [info ]0011项目数据表导入情况√(0.047秒)
15:23:43.276 [info ]0021单位客户未提供账户信息-返回行数100(0.203秒)
15:25:24.597 [info ]0012字段数据完整性情况√-选择已导入表名（清空则查验所有已导入数据表，时间较长)tb_acc_txn(19.687秒)
15:27:27.950 [info ]0011项目数据表导入情况√(0.047秒)
15:27:32.605 [info ]0021单位客户未提供账户信息-返回行数100(0.469秒)
15:27:51.194 [info ]0021单位客户未提供账户信息-返回行数1000(0.703秒)
15:27:54.897 [info ]0022单位账户未提供客户信息-返回行数100(0.61秒)
15:28:00.661 [info ]0023个人客户未提供账户信息-返回行数100(0.313秒)
15:28:23.705 [info ]0012字段数据完整性情况√-选择已导入表名（清空则查验所有已导入数据表，时间较长)tb_acc_txn(19.485秒)
15:31:28.501 [info ]0012字段数据完整性情况√-选择已导入表名（清空则查验所有已导入数据表，时间较长)tb_acc_txn(19.782秒)
