19:42:26.713 [info ]修改项目：01/测试项目/ZH_20220523113849
19:43:12.554 [info ]修改项目：01/测试项目/ZH_20220523113849
19:44:39.222 [info ]修改项目：01/测试项目/ZH_20220523113849
19:45:32.672 [info ]新建项目：04/测试项目4/ZH_20220705194528
19:58:16.636 [info ]新建项目：05/测试项目5/ZH_20220705195815
20:03:47.340 [info ]删除项目：05/测试项目5/ZH_20220705195815
20:04:01.607 [info ]新建项目：05/测试项目5/ZH_20220705200357
20:06:18.008 [info ]新建项目：06/测试项目6/ZH_20220705200614
20:06:37.674 [info ]删除项目：06/测试项目6/
20:07:17.696 [info ]新建项目：06/测试项目6/ZH_20220705200714
20:08:58.003 [info ]删除项目：06/测试项目6/ZH_20220705200714
20:09:03.705 [info ]删除项目：05/测试项目5/ZH_20220705200357
20:09:09.746 [info ]删除项目：04/测试项目4/ZH_20220705194528
20:15:11.057 [info ]删除项目：03/测试项目3/ZH_20220630104627
20:15:13.719 [info ]删除项目：02/测试项目2/ZH_20220530170003
20:15:18.027 [info ]删除项目：01/测试项目/ZH_20220523113849
20:18:52.550 [info ]新建项目：01/测试1/ZH_20220705201848
20:58:53.787 [info ]新建项目：02/测试3/ZH_20220705205850
20:59:24.986 [info ]删除项目：02/测试3/ZH_20220705205850
20:59:41.725 [info ]新建项目：02/测试2/ZH_20220705205938
21:01:35.218 [info ]新建项目：03/测试3/ZH_20220705210131
21:04:43.598 [info ]新建项目：04/测试4/ZH_20220705210439
