19:18:12.990 [info ]01项目数据表导入情况√(2.344秒)
19:18:41.461 [info ]商行单位账户查询_银行机构代码√-开户行银行机构代码1041029786返回行数100(2.219秒)
19:18:59.994 [info ]商行单位账户查询_代理人电话√-法人代表电话000返回行数100(2.313秒)
19:19:06.951 [info ]商行单位账户查询_代理人姓名√-法人代表姓名张返回行数100(1.954秒)
19:32:50.984 [info ]商行单位账户查询_多条件-银行机构代码开户行名称开户开始日期开户截止日期销户开始日期销户截止日期账户类型关键字（多个类型以“|”分隔）基本账户状态关键字（多个状态以“|”分隔）正常返回行数100(0.438秒)
19:45:10.077 [info ]商行单位账户查询_多条件-银行机构代码开户行名称开户开始日期开户截止日期销户开始日期销户截止日期账户类型关键字（多个类型以“|”分隔）基本账户状态关键字（多个状态以“|”分隔）正常返回行数100(0.422秒)
19:55:26.791 [info ]商行单位账户查询_多条件-银行机构代码开户行名称开户开始日期开户截止日期销户开始日期销户截止日期账户类型关键字（多个类型以“|”或“,”分隔）基本账户状态关键字（多个状态以“|”或“,”分隔）正常返回行数100(0.297秒)
19:55:40.399 [info ]商行单位账户查询_多条件-银行机构代码开户行名称开户开始日期开户截止日期销户开始日期销户截止日期账户类型关键字（多个类型以“|”或“,”分隔）基本账户状态关键字（多个状态以“|”或“,”分隔）正常返回行数100(0.344秒)
20:03:02.877 [info ]商行单位账户查询_多条件-银行机构代码开户行名称开户开始日期开户截止日期销户开始日期销户截止日期账户类型关键字（多个类型以“|”或“,”分隔）基本账户状态关键字（多个状态以“|”或“,”分隔）正常返回行数100(0.375秒)
20:12:13.213 [info ]商行单位账户查询_多条件-银行机构代码开户行名称开户开始日期开户截止日期销户开始日期销户截止日期账户类型关键字（多个类型以“|”或“,”分隔）基本账户状态关键字（多个状态以“|”或“,”分隔）正常返回行数1000(0.797秒)
20:13:34.198 [info ]商行单位账户查询_多条件-银行机构代码开户行名称开户开始日期开户截止日期销户开始日期销户截止日期账户类型关键字（多个类型以“|”或“,”分隔）基本账户状态关键字（多个状态以“|”或“,”分隔）正常返回行数100(0.359秒)
20:18:52.021 [info ]商行单位账户查询_多条件-银行机构代码开户行名称开户开始日期开户截止日期销户开始日期销户截止日期账户类型关键字（多个类型以“|”或“,”分隔）基本账户状态关键字（多个状态以“|”或“,”分隔）正常返回行数1000(0.812秒)
20:24:59.574 [info ]01项目数据表导入情况√(0.047秒)
20:26:27.421 [info ]商行单位账户查询_多条件-银行机构代码开户行名称开户开始日期开户截止日期销户开始日期销户截止日期账户类型关键字（多个类型以“|”或“,”分隔）基本账户状态关键字（多个状态以“|”或“,”分隔）正常返回行数1000(0.812秒)
20:28:24.055 [info ]商行单位账户查询_多条件-银行机构代码开户行名称开户开始日期开户截止日期销户开始日期销户截止日期账户类型关键字（多个类型以“|”或“,”分隔）基本账户状态关键字（多个状态以“|”或“,”分隔）正常返回行数1000(0.781秒)
20:30:48.094 [info ]商行单位账户查询_多条件-银行机构代码开户行名称开户开始日期开户截止日期销户开始日期销户截止日期账户类型关键字（多个类型以“|”或“,”分隔）基本账户状态关键字（多个状态以“|”或“,”分隔）正常|激活返回行数1000(0.031秒)
20:31:05.161 [info ]商行单位账户查询_多条件-银行机构代码开户行名称开户开始日期开户截止日期销户开始日期销户截止日期账户类型关键字（多个类型以“|”或“,”分隔）基本账户状态关键字（多个状态以“|”或“,”分隔）正常返回行数1000(0.032秒)
20:31:51.607 [info ]商行单位账户查询_多条件-银行机构代码开户行名称开户开始日期开户截止日期销户开始日期销户截止日期账户类型关键字（多个类型以“|”或“,”分隔）基本账户状态关键字（多个状态以“|”或“,”分隔）正常返回行数1000(0.797秒)
20:32:04.888 [info ]商行单位账户查询_多条件-银行机构代码开户行名称开户开始日期开户截止日期销户开始日期销户截止日期账户类型关键字（多个类型以“|”或“,”分隔）基本账户状态关键字（多个状态以“|”或“,”分隔）正常返回行数1000(0.844秒)
20:32:26.551 [info ]01项目数据表导入情况√(0.062秒)
20:32:37.253 [info ]商行单位账户查询_多条件-银行机构代码开户行名称开户开始日期开户截止日期销户开始日期销户截止日期账户类型关键字（多个类型以“|”或“,”分隔）基本账户状态关键字（多个状态以“|”或“,”分隔）正常返回行数1000(0.796秒)
20:33:12.016 [info ]商行单位账户查询_多条件-银行机构代码开户行名称开户开始日期开户截止日期销户开始日期销户截止日期账户类型关键字（多个类型以“|”或“,”分隔）基本账户状态关键字（多个状态以“|”或“,”分隔）正常返回行数1000(0.812秒)
20:37:45.636 [info ]01项目数据表导入情况√(0.016秒)
20:37:47.711 [info ]01项目数据表导入情况√(0秒)
20:37:48.749 [info ]01项目数据表导入情况√(0秒)
20:37:50.120 [info ]01项目数据表导入情况√(0.063秒)
20:37:55.748 [info ]总体单位账户和交易数据情况√(0.453秒)
20:38:11.031 [info ]01项目数据表导入情况√(0.032秒)
20:38:29.890 [info ]商行单位账户查询_多条件-银行机构代码开户行名称开户开始日期开户截止日期销户开始日期销户截止日期账户类型关键字（多个类型以“|”或“,”分隔）基本账户状态关键字（多个状态以“|”或“,”分隔）正常返回行数1000(0.828秒)
20:59:08.573 [info ]商行单位账户查询_多条件-银行机构代码开户行名称开户开始日期开户截止日期销户开始日期销户截止日期账户类型关键字（多个类型以“|”或“,”分隔）基本账户状态关键字（多个状态以“|”或“,”分隔）正常返回行数1000(0.797秒)
20:59:25.914 [info ]商行单位账户查询_多条件-银行机构代码开户行名称开户开始日期开户截止日期销户开始日期销户截止日期账户类型关键字（多个类型以“|”或“,”分隔）基本，一般账户状态关键字（多个状态以“|”或“,”分隔）正常返回行数1000(1.735秒)
20:59:46.219 [info ]商行单位账户查询_多条件-银行机构代码开户行名称开户开始日期开户截止日期销户开始日期销户截止日期账户类型关键字（多个类型以“|”或“,”分隔）基本,一般账户状态关键字（多个状态以“|”或“,”分隔）正常返回行数1000(1.656秒)
21:18:05.923 [info ]01项目数据表导入情况√(0.234秒)
21:18:10.094 [info ]总体单位账户和交易数据情况√(1.25秒)
21:18:25.877 [info ]商行单位账户查询_多条件√-银行机构代码开户行名称开户开始日期开户截止日期销户开始日期销户截止日期账户类型关键字（多个类型以“|”或“,”分隔）基本账户状态关键字（多个状态以“|”或“,”分隔）正常返回行数1000(0.984秒)
